<test-run id="2" testcasecount="1" result="Passed" start-time="2023-04-22 00:54:56.231985" end-time="2023-04-22 00:54:56.451982" duration="0" total="1" passed="1" failed="0" inconclusive="0" skipped="0" asserts="0" clr-version="3.9.13 (v3.9.13:6de2ca5339, May 17 2022, 11:23:25) &#10;[Clang 6.0 (clang-600.0.57)]" engine-version="3.6.2"><command-line>/Users/work/Development/ENVs/supercon_ge/bin/pytest -v --docs-tests -m integration --aws -k test_docs[deployment_pattern_pandas_s3] tests/integration/test_script_runner.py</command-line><filter><test re="0">tests/integration/test_script_runner.py</test><namespace re="0">integration</namespace><name re="0">test_docs[deployment_pattern_pandas_s3]</name></filter><test-suite id="tests/integration/test_script_runner.py" name="tests/integration/test_script_runner.py" fullname="tests/integration/test_script_runner.py" methodname="" classname="" runstate="Runnable" type="Assembly" testcasecount="1" result="Passed" label="Run integration and docs tests.&#10;&#10;Individual tests can be run by setting the '-k' flag and referencing the name of test, like the following example:&#10;    pytest -v --docs-tests -m integration -k &quot;test_docs[quickstart]&quot; tests/integration/test_script_runner.py" start-time="2023-04-22 00:54:56.339940" end-time="2023-04-22 00:54:56.451443" duration="0.111503" asserts="0" total="1" passed="1" failed="0" warnings="0" inconclusive="0" skipped="0"><properties><property name="python_version" value="3.9.13 (v3.9.13:6de2ca5339, May 17 2022, 11:23:25) &#10;[Clang 6.0 (clang-600.0.57)]" /></properties><test-case id="100" name="tests/integration/test_script_runner.py::test_docs[deployment_pattern_pandas_s3]" fullname="tests/integration/test_script_runner.py::test_docs[deployment_pattern_pandas_s3]" methodname="test_docs[deployment_pattern_pandas_s3]" classname="tests/integration/test_script_runner.py" runstate="Runnable" seed="1" result="Passed" label="" start-time="2023-04-22 00:54:56.339940" end-time="2023-04-22 00:54:56.451443" duration="0.111503" asserts="0"><properties><property name="python-version" value="3.9.13 (v3.9.13:6de2ca5339, May 17 2022, 11:23:25) &#10;[Clang 6.0 (clang-600.0.57)]" /><property name="fspath" value="tests/integration/test_script_runner.py" /></properties><environment framework-version="3.6.2" clr-version="3.9.13 (v3.9.13:6de2ca5339, May 17 2022, 11:23:25) &#10;[Clang 6.0 (clang-600.0.57)]" os-version="21.6.0" platform="Darwin" cwd="/Users/work/Development/great_expectations" machine-name="x86_64" user="" user-domain="" culture="en_US" uiculture="en_US" os-architecture="64bit" /><failure><message><![CDATA[]]></message><stack-trace><![CDATA[None]]></stack-trace></failure><reason><message><![CDATA[&#x1b;[35mDEBUG   &#x1b;[0m tests.integration.test_script_runner:test_script_runner.py:428 (_execute_integration_test) script_source -&gt; /Users/work/Development/great_expectations/tests/integration/docusaurus/deployment_patterns/aws_cloud_storage_pandas.py :: copied to /private/var/folders/ns/fx4x5_c119n_tt_8rk8nts900000gq/T/pytest-of-work/pytest-23/test_docs_deployment_pattern_p0/test_script.py]]></message></reason><output><![CDATA[&#x1b;[35mDEBUG   &#x1b;[0m tests.integration.test_script_runner:test_script_runner.py:428 (_execute_integration_test) script_source -&gt; /Users/work/Development/great_expectations/tests/integration/docusaurus/deployment_patterns/aws_cloud_storage_pandas.py :: copied to /private/var/folders/ns/fx4x5_c119n_tt_8rk8nts900000gq/T/pytest-of-work/pytest-23/test_docs_deployment_pattern_p0/test_script.py]]></output></test-case><environment framework-version="3.6.2" clr-version="3.9.13 (v3.9.13:6de2ca5339, May 17 2022, 11:23:25) &#10;[Clang 6.0 (clang-600.0.57)]" os-version="21.6.0" platform="Darwin" cwd="/Users/work/Development/great_expectations" machine-name="x86_64" user="" user-domain="" culture="en_US" uiculture="en_US" os-architecture="64bit" /></test-suite></test-run>
