<test-run id="2" testcasecount="0" result="Passed" start-time="2023-06-02 00:09:22.018081" end-time="2023-06-02 00:09:22.133628" duration="0" total="0" passed="0" failed="0" inconclusive="0" skipped="0" asserts="0" clr-version="3.9.13 (v3.9.13:6de2ca5339, May 17 2022, 11:23:25) &#10;[Clang 6.0 (clang-600.0.57)]" engine-version="3.6.2"><command-line>/Applications/PyCharm.app/Contents/plugins/python/helpers/pycharm/_jb_pytest_runner.py -vv --mysql /Users/work/Development/great_expectations/tests/expectations/test_util::test_table_column_reflection_fallback</command-line><filter><test re="0">/Users/work/Development/great_expectations/tests/expectations/test_util::test_table_column_reflection_fallback</test></filter></test-run>
