<test-run id="2" testcasecount="1" result="Passed" start-time="2023-06-02 00:38:30.204397" end-time="2023-06-02 01:40:35.442752" duration="3725" total="1" passed="0" failed="0" inconclusive="0" skipped="0" asserts="0" clr-version="3.9.13 (v3.9.13:6de2ca5339, May 17 2022, 11:23:25) &#10;[Clang 6.0 (clang-600.0.57)]" engine-version="3.6.2"><command-line>/Applications/PyCharm.app/Contents/plugins/python/helpers/pycharm/_jb_pytest_runner.py test_util.py::test_table_column_reflection_fallback</command-line><filter><test re="0">test_util.py::test_table_column_reflection_fallback</test></filter><test-suite id="tests/expectations/test_util.py" name="tests/expectations/test_util.py" fullname="tests/expectations/test_util.py" methodname="" classname="" runstate="Runnable" type="Assembly" testcasecount="1" result="Passed" label="" start-time="2023-06-02 00:38:30.336816" end-time="2023-06-02 00:38:30.336820" duration="4e-06" asserts="0" total="1" passed="0" failed="0" warnings="0" inconclusive="0" skipped="0"><properties><property name="python_version" value="3.9.13 (v3.9.13:6de2ca5339, May 17 2022, 11:23:25) &#10;[Clang 6.0 (clang-600.0.57)]" /></properties><test-case id="100" name="tests/expectations/test_util.py::test_table_column_reflection_fallback[test_backends0]" fullname="tests/expectations/test_util.py::test_table_column_reflection_fallback[test_backends0]" methodname="test_table_column_reflection_fallback[test_backends0]" classname="tests/expectations/test_util.py" runstate="Runnable" seed="1" result="Inconclusive" label="" start-time="2023-06-02 00:38:30.336816" end-time="2023-06-02 00:38:30.336820" duration="0" asserts="0"><properties><property name="python-version" value="3.9.13 (v3.9.13:6de2ca5339, May 17 2022, 11:23:25) &#10;[Clang 6.0 (clang-600.0.57)]" /><property name="fspath" value="tests/expectations/test_util.py" /></properties><environment framework-version="3.6.2" clr-version="3.9.13 (v3.9.13:6de2ca5339, May 17 2022, 11:23:25) &#10;[Clang 6.0 (clang-600.0.57)]" os-version="21.6.0" platform="Darwin" cwd="/Users/work/Development/great_expectations/tests/expectations" machine-name="x86_64" user="" user-domain="" culture="en_US" uiculture="en_US" os-architecture="64bit" /><failure><message><![CDATA[]]></message><stack-trace><![CDATA[]]></stack-trace></failure><reason><message><![CDATA[]]></message></reason><output><![CDATA[]]></output></test-case><environment framework-version="3.6.2" clr-version="3.9.13 (v3.9.13:6de2ca5339, May 17 2022, 11:23:25) &#10;[Clang 6.0 (clang-600.0.57)]" os-version="21.6.0" platform="Darwin" cwd="/Users/work/Development/great_expectations/tests/expectations" machine-name="x86_64" user="" user-domain="" culture="en_US" uiculture="en_US" os-architecture="64bit" /></test-suite></test-run>
